#
# There is insufficient memory for the Java Runtime Environment to continue.
# Native memory allocation (malloc) failed to allocate 1048576 bytes for AllocateHeap
# Possible reasons:
#   The system is out of physical RAM or swap space
#   The process is running with CompressedOops enabled, and the Java Heap may be blocking the growth of the native heap
# Possible solutions:
#   Reduce memory load on the system
#   Increase physical memory or swap space
#   Check if swap backing store is full
#   Decrease Java heap size (-Xmx/-Xms)
#   Decrease number of Java threads
#   Decrease Java thread stack sizes (-Xss)
#   Set larger code cache with -XX:ReservedCodeCacheSize=
#   JVM is running with Zero Based Compressed Oops mode in which the Java heap is
#     placed in the first 32GB address space. The Java Heap base address is the
#     maximum limit for the native heap growth. Please use -XX:HeapBaseMinAddress
#     to set the Java Heap base and to place the Java Heap above 32GB virtual address.
# This output file may be truncated or incomplete.
#
#  Out of Memory Error (memory/allocation.inline.hpp:61), pid=17288, tid=0x0000000000005a30
#
# JRE version:  (8.0_202-b08) (build )
# Java VM: Java HotSpot(TM) 64-Bit Server VM (25.202-b08 mixed mode windows-amd64 compressed oops)
# Failed to write core dump. Minidumps are not enabled by default on client versions of Windows
#

---------------  T H R E A D  ---------------

Current thread (0x0000000002c33800):  JavaThread "Unknown thread" [_thread_in_vm, id=23088, stack(0x0000000002970000,0x0000000002a70000)]

Stack: [0x0000000002970000,0x0000000002a70000]
[error occurred during error reporting (printing stack bounds), id 0xc0000005]

Native frames: (J=compiled Java code, j=interpreted, Vv=VM code, C=native code)


---------------  P R O C E S S  ---------------

Java Threads: ( => current thread )

Other Threads:

=>0x0000000002c33800 (exited) JavaThread "Unknown thread" [_thread_in_vm, id=23088, stack(0x0000000002970000,0x0000000002a70000)]

VM state:not at safepoint (normal execution)

VM Mutex/Monitor currently owned by a thread: None

heap address: 0x00000006c0a00000, size: 4086 MB, Compressed Oops mode: Zero based, Oop shift amount: 3
Narrow klass base: 0x0000000000000000, Narrow klass shift: 3
Compressed class space size: 1073741824 Address: 0x00000007c0000000

Heap:
 PSYoungGen      total 76288K, used 1310K [0x000000076ae00000, 0x0000000770300000, 0x00000007c0000000)
  eden space 65536K, 2% used [0x000000076ae00000,0x000000076af47af0,0x000000076ee00000)
  from space 10752K, 0% used [0x000000076f880000,0x000000076f880000,0x0000000770300000)
  to   space 10752K, 0% used [0x000000076ee00000,0x000000076ee00000,0x000000076f880000)
 ParOldGen       total 175104K, used 0K [0x00000006c0a00000, 0x00000006cb500000, 0x000000076ae00000)
  object space 175104K, 0% used [0x00000006c0a00000,0x00000006c0a00000,0x00000006cb500000)
 Metaspace       used 775K, capacity 4480K, committed 4480K, reserved 1056768K
  class space    used 76K, capacity 384K, committed 384K, reserved 1048576K

Card table byte_map: [0x00000000120f0000,0x00000000128f0000] byte_map_base: 0x000000000eaeb000

Marking Bits: (ParMarkBitMap*) 0x0000000064a15ce0
 Begin Bits: [0x0000000013650000, 0x0000000017628000)
 End Bits:   [0x0000000017628000, 0x000000001b600000)

Polling page: 0x00000000010b0000

CodeCache: size=245760Kb used=328Kb max_used=328Kb free=245431Kb
 bounds [0x0000000002d30000, 0x0000000002fa0000, 0x0000000011d30000]
 total_blobs=58 nmethods=0 adapters=38
 compilation: enabled

Compilation events (0 events):
No events

GC Heap History (0 events):
No events

Deoptimization events (0 events):
No events

Classes redefined (0 events):
No events

Internal exceptions (0 events):
No events

Events (10 events):
Event: 0.030 loading class java/lang/Short
Event: 0.030 loading class java/lang/Short done
Event: 0.030 loading class java/lang/Integer
Event: 0.030 loading class java/lang/Integer done
Event: 0.030 loading class java/lang/Long
Event: 0.031 loading class java/lang/Long done
Event: 0.031 loading class java/lang/NullPointerException
Event: 0.031 loading class java/lang/NullPointerException done
Event: 0.031 loading class java/lang/ArithmeticException
Event: 0.031 loading class java/lang/ArithmeticException done


Dynamic libraries:
0x00007ff71fcf0000 - 0x00007ff71fd27000 	C:\Program Files\Java\jdk1.8.0_202\bin\java.exe
0x00007ffe16940000 - 0x00007ffe16b2d000 	C:\WINDOWS\SYSTEM32\ntdll.dll
0x00007ffe07020000 - 0x00007ffe07032000 	C:\Program Files\AVAST Software\Avast\aswhook.dll
0x00007ffe16710000 - 0x00007ffe167c3000 	C:\WINDOWS\System32\KERNEL32.DLL
0x00007ffe12a00000 - 0x00007ffe12c95000 	C:\WINDOWS\System32\KERNELBASE.dll
0x00007ffe13f70000 - 0x00007ffe14013000 	C:\WINDOWS\System32\ADVAPI32.dll
0x00007ffe16190000 - 0x00007ffe1622e000 	C:\WINDOWS\System32\msvcrt.dll
0x00007ffe14600000 - 0x00007ffe1469e000 	C:\WINDOWS\System32\sechost.dll
0x00007ffe146a0000 - 0x00007ffe147c2000 	C:\WINDOWS\System32\RPCRT4.dll
0x00007ffe13d10000 - 0x00007ffe13ea7000 	C:\WINDOWS\System32\USER32.dll
0x00007ffe12ca0000 - 0x00007ffe12cc0000 	C:\WINDOWS\System32\win32u.dll
0x00007ffe16230000 - 0x00007ffe16259000 	C:\WINDOWS\System32\GDI32.dll
0x00007ffe12dc0000 - 0x00007ffe12f5a000 	C:\WINDOWS\System32\gdi32full.dll
0x00007ffe13860000 - 0x00007ffe13900000 	C:\WINDOWS\System32\msvcp_win.dll
0x00007ffe12f60000 - 0x00007ffe1305a000 	C:\WINDOWS\System32\ucrtbase.dll
0x00007ffdf6ba0000 - 0x00007ffdf6e19000 	C:\WINDOWS\WinSxS\amd64_microsoft.windows.common-controls_6595b64144ccf1df_6.0.17763.1282_none_de75b6f253473c0f\COMCTL32.dll
0x00007ffe15e60000 - 0x00007ffe1618c000 	C:\WINDOWS\System32\combase.dll
0x00007ffe12d10000 - 0x00007ffe12d8e000 	C:\WINDOWS\System32\bcryptPrimitives.dll
0x00007ffe13f40000 - 0x00007ffe13f6e000 	C:\WINDOWS\System32\IMM32.DLL
0x0000000066770000 - 0x0000000066842000 	C:\Program Files\Java\jdk1.8.0_202\jre\bin\msvcr100.dll
0x00000000641f0000 - 0x0000000064a95000 	C:\Program Files\Java\jdk1.8.0_202\jre\bin\server\jvm.dll
0x00007ffe13eb0000 - 0x00007ffe13eb8000 	C:\WINDOWS\System32\PSAPI.DLL
0x00007ffe06240000 - 0x00007ffe06249000 	C:\WINDOWS\SYSTEM32\WSOCK32.dll
0x00007ffe14840000 - 0x00007ffe148ad000 	C:\WINDOWS\System32\WS2_32.dll
0x00007ffe03570000 - 0x00007ffe03594000 	C:\WINDOWS\SYSTEM32\WINMM.dll
0x00007ffe0bf70000 - 0x00007ffe0bf7a000 	C:\WINDOWS\SYSTEM32\VERSION.dll
0x00007ffe03540000 - 0x00007ffe0356d000 	C:\WINDOWS\SYSTEM32\WINMMBASE.dll
0x00007ffe12cc0000 - 0x00007ffe12d0a000 	C:\WINDOWS\System32\cfgmgr32.dll
0x00007ffe0df60000 - 0x00007ffe0df6f000 	C:\Program Files\Java\jdk1.8.0_202\jre\bin\verify.dll
0x00007ffdeb790000 - 0x00007ffdeb7b9000 	C:\Program Files\Java\jdk1.8.0_202\jre\bin\java.dll
0x00007ffdfc070000 - 0x00007ffdfc093000 	C:\Program Files\Java\jdk1.8.0_202\jre\bin\instrument.dll
0x00007ffdf11d0000 - 0x00007ffdf11e6000 	C:\Program Files\Java\jdk1.8.0_202\jre\bin\zip.dll

VM Arguments:
jvm_args: -javaagent:C:\Program Files\JetBrains\IntelliJ IDEA 2020.1.2\lib\idea_rt.jar=10447:C:\Program Files\JetBrains\IntelliJ IDEA 2020.1.2\bin -Dfile.encoding=UTF-8 
java_command: by.epam.tasks.object.Task2
java_class_path (initial): C:\Program Files\Java\jdk1.8.0_202\jre\lib\charsets.jar;C:\Program Files\Java\jdk1.8.0_202\jre\lib\deploy.jar;C:\Program Files\Java\jdk1.8.0_202\jre\lib\ext\access-bridge-64.jar;C:\Program Files\Java\jdk1.8.0_202\jre\lib\ext\cldrdata.jar;C:\Program Files\Java\jdk1.8.0_202\jre\lib\ext\dnsns.jar;C:\Program Files\Java\jdk1.8.0_202\jre\lib\ext\jaccess.jar;C:\Program Files\Java\jdk1.8.0_202\jre\lib\ext\jfxrt.jar;C:\Program Files\Java\jdk1.8.0_202\jre\lib\ext\localedata.jar;C:\Program Files\Java\jdk1.8.0_202\jre\lib\ext\nashorn.jar;C:\Program Files\Java\jdk1.8.0_202\jre\lib\ext\sunec.jar;C:\Program Files\Java\jdk1.8.0_202\jre\lib\ext\sunjce_provider.jar;C:\Program Files\Java\jdk1.8.0_202\jre\lib\ext\sunmscapi.jar;C:\Program Files\Java\jdk1.8.0_202\jre\lib\ext\sunpkcs11.jar;C:\Program Files\Java\jdk1.8.0_202\jre\lib\ext\zipfs.jar;C:\Program Files\Java\jdk1.8.0_202\jre\lib\javaws.jar;C:\Program Files\Java\jdk1.8.0_202\jre\lib\jce.jar;C:\Program Files\Java\jdk1.8.0_202\jre\lib\jfr.jar;C:\Program Files\Java\jdk1.8.0_202\jre\lib\jfxswt.jar;C:\Program Files\Java\jdk1.8.0_202\jre\lib\jsse.jar;C:\Program Files\Java\jdk1.8.0_202\jre\lib\management-agent.jar;C:\Program Files\Java\jdk1.8.0_202\jre\lib\plugin.jar;C:\Program Files\Java\jdk1.8.0_202\jre\lib\resources.jar;C:\Program Files\Java\jdk1.8.0_202\jre\lib\rt.jar;F:\eightsem\epam\Task03\po\production\Task01;C:\Program Files\JetBrains\IntelliJ IDEA 2020.1.2\lib\idea_rt.jar
Launcher Type: SUN_STANDARD

Environment Variables:
JAVA_HOME=C:\Program Files\Java\jdk-11.0.2
PATH=F:\NVIDIA\cuda\bin;F:\NVIDIA\cuda\libnvvp;C:\Program Files (x86)\Common Files\Oracle\Java\javapath;C:\PROGRA~2\Borland\CBUILD~1\Bin;C:\PROGRA~2\Borland\CBUILD~1\Projects\Bpl;C:\Program Files (x86)\Intel\iCLS Client\;C:\Program Files\Intel\iCLS Client\;C:\Windows\system32;C:\Windows;C:\Windows\System32\Wbem;C:\Windows\System32\WindowsPowerShell\v1.0\;C:\Program Files (x86)\NVIDIA Corporation\PhysX\Common;C:\Program Files\dotnet\;C:\Program Files (x86)\Intel\Intel(R) Management Engine Components\DAL;C:\Program Files\Intel\Intel(R) Management Engine Components\DAL;C:\Program Files (x86)\Intel\Intel(R) Management Engine Components\IPT;C:\Program Files\Intel\Intel(R) Management Engine Components\IPT;C:\WINDOWS\system32;C:\WINDOWS;C:\WINDOWS\System32\Wbem;C:\WINDOWS\System32\WindowsPowerShell\v1.0\;C:\WINDOWS\System32\OpenSSH\;C:\Program Files (x86)\Windows Kits\10\Windows Performance Toolkit\;C:\Users\Pablo\Desktop\CreateProc\Debug;C:\Program Files\NVIDIA Corporation\NVIDIA NvDLISR;C:\WINDOWS\system32;C:\WINDOWS;C:\WINDOWS\System32\Wbem;C:\WINDOWS\System32\WindowsPowerShell\v1.0\;C:\WINDOWS\System32\OpenSSH\;c:\altera\91\quartus\bin;F:\New Folder\common;F:\fifthSemester\opencv\build\x64\vc14\bin;C:\Program Files (x86)\sbt\bin;C:\Program Files\NVIDIA Corporation\Nsight Compute 2019.5.0\;C:\Users\Pablo\AppData\Local\Programs\Python\Python38;c:\docker;C:\Program Files\Git\cmd;C:\Program Files\Git\mingw64\bin;C:\Program Files\Git\usr\bin;C:\Program Files\MySQL\MySQL Shell 8.0\bin\;C:\Users\Pablo\AppData\Local\Programs\Python\Python38-32\Scripts\;C:\Users\Pablo\AppData\Local\Programs\Python\Python38-32\;C:\Users\Pablo\Desktop\CreateProc\Debug\Project1.exe;C:\Program Files\Java\jdk-11.0.2\bin;;C:\Users\Pablo\AppData\Local\Microsoft\WindowsApps;C:\Program Files\JetBrains\PyCharm 2020.2.1\bin;;f:\eightsem\program\model_sim\win32
USERNAME=Pablo
OS=Windows_NT
PROCESSOR_IDENTIFIER=Intel64 Family 6 Model 158 Stepping 9, GenuineIntel



---------------  S Y S T E M  ---------------

OS: Windows 10.0 , 64 bit Build 17763 (10.0.17763.1158)

CPU:total 8 (initial active 8) (4 cores per cpu, 2 threads per core) family 6 model 158 stepping 9, cmov, cx8, fxsr, mmx, sse, sse2, sse3, ssse3, sse4.1, sse4.2, popcnt, avx, avx2, aes, clmul, erms, 3dnowpref, lzcnt, ht, tsc, tscinvbit, bmi1, bmi2, adx

Memory: 4k page, physical 16732896k(5323628k free), swap 19391088k(1052k free)

vm_info: Java HotSpot(TM) 64-Bit Server VM (25.202-b08) for windows-amd64 JRE (1.8.0_202-b08), built on Dec 15 2018 19:54:30 by "java_re" with MS VC++ 10.0 (VS2010)

time: Fri Feb 19 21:11:11 2021
timezone: Беларусь (зима)
elapsed time: 0 seconds (0d 0h 0m 0s)

